<?xml version="1.0" encoding="UTF-8"?>
<!-- Generated by org.testng.reporters.JUnitXMLReporter -->
<testsuite hostname="Tirumal-PC" ignored="0" name="Default test" tests="3" failures="0" timestamp="25 Sep 2022 12:44:42 GMT" time="111.224" errors="0">
  <testcase name="Subscrition_Bharian" time="9.359" classname="Runner.SubscriptionTestClass"/>
  <testcase name="Subscrition_KSA" time="2.393" classname="Runner.SubscriptionTestClass"/>
  <testcase name="Subscrition_Kuwait" time="8.615" classname="Runner.SubscriptionTestClass"/>
</testsuite> <!-- Default test -->
