<?xml version="1.0" encoding="UTF-8"?>
<!-- Generated by org.testng.reporters.JUnitXMLReporter -->
<testsuite hostname="Tirumal-PC" ignored="0" name="Default test" tests="3" failures="0" timestamp="25 Sep 2022 14:14:19 GMT" time="76.073" errors="0">
  <testcase name="Subscrition_Bharian" time="10.108" classname="Runner.SubscriptionTestClass"/>
  <testcase name="Subscrition_KSA" time="2.274" classname="Runner.SubscriptionTestClass"/>
  <testcase name="Subscrition_Kuwait" time="5.689" classname="Runner.SubscriptionTestClass"/>
</testsuite> <!-- Default test -->
