<?xml version="1.0" encoding="UTF-8"?>
<testng-results skipped="0" failed="0" ignored="0" total="3" passed="3">
  <reporter-output>
  </reporter-output>
  <suite name="Default suite" duration-ms="76073" started-at="2022-09-25T14:13:02Z" finished-at="2022-09-25T14:14:18Z">
    <groups>
    </groups>
    <test name="Default test" duration-ms="76073" started-at="2022-09-25T14:13:02Z" finished-at="2022-09-25T14:14:18Z">
      <class name="Runner.SubscriptionTestClass">
        <test-method status="PASS" signature="setup()[pri:0, instance:Runner.SubscriptionTestClass@3a5ed7a6]" name="setup" is-config="true" duration-ms="16" started-at="2022-09-25T19:43:02Z" finished-at="2022-09-25T19:43:02Z">
          <reporter-output>
          </reporter-output>
        </test-method> <!-- setup -->
        <test-method status="PASS" signature="intialiseel()[pri:0, instance:Runner.SubscriptionTestClass@3a5ed7a6]" name="intialiseel" is-config="true" duration-ms="31380" started-at="2022-09-25T19:43:02Z" finished-at="2022-09-25T19:43:34Z">
          <reporter-output>
          </reporter-output>
        </test-method> <!-- intialiseel -->
        <test-method status="PASS" signature="Subscrition_Bharian()[pri:0, instance:Runner.SubscriptionTestClass@3a5ed7a6]" name="Subscrition_Bharian" duration-ms="10108" started-at="2022-09-25T19:43:34Z" finished-at="2022-09-25T19:43:44Z">
          <reporter-output>
          </reporter-output>
        </test-method> <!-- Subscrition_Bharian -->
        <test-method status="PASS" signature="AfterMethod()[pri:0, instance:Runner.SubscriptionTestClass@3a5ed7a6]" name="AfterMethod" is-config="true" duration-ms="966" started-at="2022-09-25T19:43:44Z" finished-at="2022-09-25T19:43:45Z">
          <reporter-output>
          </reporter-output>
        </test-method> <!-- AfterMethod -->
        <test-method status="PASS" signature="intialiseel()[pri:0, instance:Runner.SubscriptionTestClass@3a5ed7a6]" name="intialiseel" is-config="true" duration-ms="12325" started-at="2022-09-25T19:43:45Z" finished-at="2022-09-25T19:43:57Z">
          <reporter-output>
          </reporter-output>
        </test-method> <!-- intialiseel -->
        <test-method status="PASS" signature="Subscrition_KSA()[pri:0, instance:Runner.SubscriptionTestClass@3a5ed7a6]" name="Subscrition_KSA" duration-ms="2274" started-at="2022-09-25T19:43:57Z" finished-at="2022-09-25T19:43:59Z">
          <reporter-output>
          </reporter-output>
        </test-method> <!-- Subscrition_KSA -->
        <test-method status="PASS" signature="AfterMethod()[pri:0, instance:Runner.SubscriptionTestClass@3a5ed7a6]" name="AfterMethod" is-config="true" duration-ms="302" started-at="2022-09-25T19:43:59Z" finished-at="2022-09-25T19:44:00Z">
          <reporter-output>
          </reporter-output>
        </test-method> <!-- AfterMethod -->
        <test-method status="PASS" signature="intialiseel()[pri:0, instance:Runner.SubscriptionTestClass@3a5ed7a6]" name="intialiseel" is-config="true" duration-ms="12656" started-at="2022-09-25T19:44:00Z" finished-at="2022-09-25T19:44:12Z">
          <reporter-output>
          </reporter-output>
        </test-method> <!-- intialiseel -->
        <test-method status="PASS" signature="Subscrition_Kuwait()[pri:0, instance:Runner.SubscriptionTestClass@3a5ed7a6]" name="Subscrition_Kuwait" duration-ms="5689" started-at="2022-09-25T19:44:12Z" finished-at="2022-09-25T19:44:18Z">
          <reporter-output>
          </reporter-output>
        </test-method> <!-- Subscrition_Kuwait -->
        <test-method status="PASS" signature="AfterMethod()[pri:0, instance:Runner.SubscriptionTestClass@3a5ed7a6]" name="AfterMethod" is-config="true" duration-ms="324" started-at="2022-09-25T19:44:18Z" finished-at="2022-09-25T19:44:18Z">
          <reporter-output>
          </reporter-output>
        </test-method> <!-- AfterMethod -->
      </class> <!-- Runner.SubscriptionTestClass -->
    </test> <!-- Default test -->
  </suite> <!-- Default suite -->
</testng-results>
