<?xml version="1.0" encoding="UTF-8"?>
<testng-results skipped="0" failed="0" ignored="0" total="3" passed="3">
  <reporter-output>
  </reporter-output>
  <suite name="Default suite" duration-ms="111224" started-at="2022-09-25T12:42:50Z" finished-at="2022-09-25T12:44:41Z">
    <groups>
    </groups>
    <test name="Default test" duration-ms="111224" started-at="2022-09-25T12:42:50Z" finished-at="2022-09-25T12:44:41Z">
      <class name="Runner.SubscriptionTestClass">
        <test-method status="PASS" signature="setup()[pri:0, instance:Runner.SubscriptionTestClass@6325a3ee]" name="setup" is-config="true" duration-ms="1111" started-at="2022-09-25T18:12:50Z" finished-at="2022-09-25T18:12:51Z">
          <reporter-output>
          </reporter-output>
        </test-method> <!-- setup -->
        <test-method status="PASS" signature="intialiseel()[pri:0, instance:Runner.SubscriptionTestClass@6325a3ee]" name="intialiseel" is-config="true" duration-ms="46019" started-at="2022-09-25T18:12:51Z" finished-at="2022-09-25T18:13:37Z">
          <reporter-output>
          </reporter-output>
        </test-method> <!-- intialiseel -->
        <test-method status="PASS" signature="Subscrition_Bharian()[pri:0, instance:Runner.SubscriptionTestClass@6325a3ee]" name="Subscrition_Bharian" duration-ms="9359" started-at="2022-09-25T18:13:37Z" finished-at="2022-09-25T18:13:47Z">
          <reporter-output>
          </reporter-output>
        </test-method> <!-- Subscrition_Bharian -->
        <test-method status="PASS" signature="AfterMethod()[pri:0, instance:Runner.SubscriptionTestClass@6325a3ee]" name="AfterMethod" is-config="true" duration-ms="2338" started-at="2022-09-25T18:13:47Z" finished-at="2022-09-25T18:13:49Z">
          <reporter-output>
          </reporter-output>
        </test-method> <!-- AfterMethod -->
        <test-method status="PASS" signature="intialiseel()[pri:0, instance:Runner.SubscriptionTestClass@6325a3ee]" name="intialiseel" is-config="true" duration-ms="16267" started-at="2022-09-25T18:13:49Z" finished-at="2022-09-25T18:14:05Z">
          <reporter-output>
          </reporter-output>
        </test-method> <!-- intialiseel -->
        <test-method status="PASS" signature="Subscrition_KSA()[pri:0, instance:Runner.SubscriptionTestClass@6325a3ee]" name="Subscrition_KSA" duration-ms="2393" started-at="2022-09-25T18:14:05Z" finished-at="2022-09-25T18:14:08Z">
          <reporter-output>
          </reporter-output>
        </test-method> <!-- Subscrition_KSA -->
        <test-method status="PASS" signature="AfterMethod()[pri:0, instance:Runner.SubscriptionTestClass@6325a3ee]" name="AfterMethod" is-config="true" duration-ms="2555" started-at="2022-09-25T18:14:08Z" finished-at="2022-09-25T18:14:10Z">
          <reporter-output>
          </reporter-output>
        </test-method> <!-- AfterMethod -->
        <test-method status="PASS" signature="intialiseel()[pri:0, instance:Runner.SubscriptionTestClass@6325a3ee]" name="intialiseel" is-config="true" duration-ms="15310" started-at="2022-09-25T18:14:10Z" finished-at="2022-09-25T18:14:26Z">
          <reporter-output>
          </reporter-output>
        </test-method> <!-- intialiseel -->
        <test-method status="PASS" signature="Subscrition_Kuwait()[pri:0, instance:Runner.SubscriptionTestClass@6325a3ee]" name="Subscrition_Kuwait" duration-ms="8615" started-at="2022-09-25T18:14:26Z" finished-at="2022-09-25T18:14:34Z">
          <reporter-output>
          </reporter-output>
        </test-method> <!-- Subscrition_Kuwait -->
        <test-method status="PASS" signature="AfterMethod()[pri:0, instance:Runner.SubscriptionTestClass@6325a3ee]" name="AfterMethod" is-config="true" duration-ms="4365" started-at="2022-09-25T18:14:34Z" finished-at="2022-09-25T18:14:39Z">
          <reporter-output>
          </reporter-output>
        </test-method> <!-- AfterMethod -->
        <test-method status="PASS" signature="flusextenreports()[pri:0, instance:Runner.SubscriptionTestClass@6325a3ee]" name="flusextenreports" is-config="true" duration-ms="2847" started-at="2022-09-25T18:14:39Z" finished-at="2022-09-25T18:14:41Z">
          <reporter-output>
          </reporter-output>
        </test-method> <!-- flusextenreports -->
      </class> <!-- Runner.SubscriptionTestClass -->
    </test> <!-- Default test -->
  </suite> <!-- Default suite -->
</testng-results>
